--- Solution of Y=AX: 
 X0 =   7.088 
 X1 =  13.520 
 X2 =   1.280 
 X3 =   2.540 
 X4 =   9.840 
 X5 =  20.860 
 X6 =   9.237 
 X7 =  -0.130 
 X8 =   3.086 
 X9 =  -1.671 
 X10 =  -4.938 
 X11 =  -4.924 
 X12 =   9.930 
 X13 =   5.535 
 X14 =   1.856 
 X15 =  -0.558 
 X16 =  21.689 
 X17 =   2.750 
 X18 =  -5.810 
 X19 =  -2.971 
 X20 =   4.044 
 X21 =  -7.622 
 X22 =  10.697 
 X23 =   3.239 
 X24 = -12.598 
 X25 =  25.641 
 X26 =   1.307 
 X27 =   2.543 
 X28 =  -1.691 
 X29 =  -3.356 
 X30 =   7.477 
 X31 =   6.955 
 X32 = -11.715 
 X33 =   9.259 
 X34 =  -8.779 
 X35 =   4.940 
 X36 =   6.406 
 X37 =  -9.400 
 X38 =   8.285 
 X39 =  -6.011 
 X40 =  -0.758 
 X41 = -16.693 
 X42 =   4.405 
 X43 =  12.297 
 X44 = -14.051 
 X45 =  -3.185 
 X46 =  -7.459 
 X47 =  -5.492 
 X48 =  13.661 
 X49 = -18.935 
 X50 = -11.805 
 X51 =   8.226 
 X52 =  -5.998 
 X53 =  -8.259 
 X54 =  -1.668 
 X55 =   9.454 
 X56 =   9.549 
 X57 =  -6.371 
 X58 =  -8.651 
 X59 =   3.479 
 X60 =  -0.152 
 X61 =   6.829 
 X62 = -13.281 
 X63 =  -9.450 
 X64 =   1.895 
 X65 =  11.203 
 X66 =   0.575 
 X67 =   3.984 
 X68 =  -1.986 
 X69 =  11.493 
 X70 =  17.095 
 X71 =  32.717 
 X72 =  11.273 
 X73 =   4.179 
 X74 =  -6.816 
 X75 =  11.036 
 X76 =   7.133 
 X77 =  -1.516 
 X78 =  -1.608 
 X79 =   0.004 
 X80 =  -6.295 
 X81 =  -7.086 
 X82 = -13.164 
 X83 =  -6.230 
 X84 = -10.603 
 X85 =  -7.331 
 X86 =  -0.388 
 X87 =  -7.961 
 X88 =   3.301 
 X89 =  -8.959 
 X90 =  12.994 
 X91 =  -0.506 
 X92 =   3.608 
 X93 =   0.835 
 X94 =   0.423 
 X95 = -12.135 
 X96 =  -0.731 
 X97 =  12.709 
 X98 =   4.543 
 X99 = -20.974 
 X100 =   7.257 
 X101 =  12.004 
 X102 =  12.293 
 X103 = -13.564 
 X104 =  -1.139 
 X105 =   6.524 
 X106 =  -7.912 
 X107 = -10.358 
 X108 =  18.543 
 X109 = -12.840 
 X110 =   4.324 
 X111 =  -2.787 
 X112 =  -5.259 
 X113 = -10.270 
 X114 =  -6.588 
 X115 =  -5.150 
 X116 =   3.852 
 X117 =   0.812 
 X118 =  -3.471 
 X119 =   9.032 
 X120 =  -8.691 
 X121 = -12.789 
 X122 =   3.351 
 X123 =  -8.518 
 X124 = -12.905 
 X125 =   6.949 
 X126 =  -1.992 
 X127 = -12.554 
 X128 =   0.690 
 X129 =   9.692 
 X130 =   5.327 
 X131 =  14.347 
 X132 = -12.485 
 X133 =  -1.162 
 X134 =   0.467 
 X135 = -22.907 
 X136 = -14.226 
 X137 = -14.245 
 X138 =   4.263 
 X139 = -19.137 
 X140 =  14.527 
 X141 =   1.205 
 X142 =   0.331 
 X143 =  -3.668 
 X144 =   9.971 
 X145 =  -0.874 
 X146 = -10.673 
 X147 =   2.292 
 X148 =   4.592 
 X149 =  -7.389 
 X150 =   5.038 
 X151 =  -3.446 
 X152 =   2.571 
 X153 =   5.737 
 X154 =   6.848 
 X155 =   5.429 
 X156 =   7.897 
 X157 = -12.157 
 X158 =  -2.620 
 X159 =  -0.718 
 X160 =  -9.874 
 X161 = -13.100 
 X162 = -11.036 
 X163 =   1.074 
 X164 =  -1.076 
 X165 =  -6.692 
 X166 =   9.041 
 X167 =   0.532 
 X168 =   6.144 
 X169 =  -1.264 
 X170 =  -0.253 
 X171 = -16.670 
 X172 =   8.833 
 X173 =   2.387 
 X174 =  -4.834 
 X175 = -10.592 
 X176 =  -3.933 
 X177 =   1.260 
 X178 =   1.010 
 X179 = -18.203 
 X180 = -13.018 
 X181 =  -4.777 
 X182 =  -8.476 
 X183 =   8.325 
 X184 =   1.888 
 X185 = -15.283 
 X186 =  10.265 
 X187 =   1.393 
 X188 =   5.052 
 X189 =  -6.028 
 X190 = -10.564 
 X191 =   5.490 
 X192 =   3.497 
 X193 =   2.940 
 X194 =  -2.451 
 X195 =  17.430 
 X196 =   5.065 
 X197 =   5.057 
 X198 =   1.793 
 X199 = -10.680 
 X200 =  11.623 
 X201 =   8.056 
 X202 =  -1.964 
 X203 =  -2.005 
 X204 =  -1.514 
 X205 =  -2.697 
 X206 =   2.363 
 X207 =  -2.008 
 X208 =  -4.687 
 X209 =  -9.792 
 X210 =  -9.596 
 X211 = -11.777 
 X212 =  -6.426 
 X213 =  -6.032 
 X214 = -11.252 
 X215 =  -2.442 
 X216 =   3.307 
 X217 =  -0.761 
 X218 =   1.165 
 X219 =   0.377 
 X220 = -24.984 
 X221 =  12.513 
 X222 =   3.566 
 X223 = -17.294 
 X224 =   5.989 
 X225 = -12.575 
 X226 =  -1.051 
 X227 =  -2.590 
 X228 =   5.564 
 X229 =  -0.755 
 X230 =   2.126 
 X231 =  -9.222 
 X232 =   1.169 
 X233 =   4.114 
 X234 = -10.399 
 X235 =  12.636 
 X236 =  13.897 
 X237 =   3.132 
 X238 =  -1.103 
 X239 =   1.455 
 X240 =  11.399 
 X241 =  -7.594 
 X242 =  -1.655 
 X243 =  -5.864 
 X244 =   6.851 
 X245 =   9.331 
 X246 =  -8.894 
 X247 =   3.923 
 X248 =  -8.340 
 X249 =   5.592 
 X250 =   7.381 
 X251 =  -9.551 
 X252 =   9.707 
 X253 =   8.837 
 X254 = -16.011 
 X255 =   8.386 
 X256 =  -1.656 
 X257 =   7.207 
 X258 =   9.010 
 X259 =   8.188 
 X260 = -13.918 
 X261 = -12.027 
 X262 =   9.225 
 X263 =   7.350 
 X264 = -12.160 
 X265 =  10.049 
 X266 =  13.262 
 X267 =  -2.627 
 X268 =   0.144 
 X269 =  -4.667 
 X270 =  -3.143 
 X271 =  15.746 
 X272 =   1.591 
 X273 =   1.468 
 X274 =   3.889 
 X275 =  -8.048 
 X276 =  -8.178 
 X277 =   5.036 
 X278 = -18.124 
 X279 = -12.361 
 X280 =  12.596 
 X281 =  -7.584 
 X282 =   0.501 
 X283 =  -9.893 
 X284 =  -4.310 
 X285 =   5.411 
 X286 =  -4.195 
 X287 =   2.106 
 X288 =  -6.725 
 X289 =   6.447 
 X290 = -12.447 
 X291 =  -5.880 
 X292 =   4.281 
 X293 =   6.404 
 X294 = -15.894 
 X295 = -13.689 
 X296 =  -2.770 
 X297 =  -2.354 
 X298 =  -3.822 
 X299 =   0.635 
 X300 =   5.125 
 X301 = -14.838 
 X302 =  -5.448 
 X303 =  -6.069 
 X304 =  -2.333 
 X305 =   5.372 
 X306 =   0.466 
 X307 =  -3.433 
 X308 =  -3.605 
 X309 =  -2.539 
 X310 =   6.403 
 X311 =  -0.323 
 X312 =   1.208 
 X313 =  11.219 
 X314 =  10.493 
 X315 =  -0.907 
 X316 =  -4.554 
 X317 =  14.504 
 X318 =  -5.373 
 X319 = -14.269 
 X320 =  -5.160 
 X321 =  30.502 
 X322 =   4.130 
 X323 =   8.604 
 X324 =   9.753 
 X325 =   7.071 
 X326 =   8.739 
 X327 =  -8.527 
 X328 =  -0.154 
 X329 =   2.268 
 X330 =  21.948 
 X331 =  -5.751 
 X332 =  -7.674 
 X333 =  -3.610 
 X334 =  10.520 
 X335 =  -1.014 
 X336 =   9.772 
 X337 = -13.720 
 X338 =  -4.308 
 X339 =   0.723 
 X340 =   0.156 
 X341 = -13.458 
 X342 =  15.567 
 X343 =  15.584 
 X344 =  -8.841 
 X345 =   2.859 
 X346 = -10.838 
 X347 =  -3.954 
 X348 = -10.250 
 X349 =   0.362 
 X350 =  -9.507 
 X351 =  -2.833 
 X352 =   5.949 
 X353 =  -4.112 
 X354 =  -9.281 
 X355 = -27.431 
 X356 = -15.188 
 X357 =   6.545 
 X358 =  -1.626 
 X359 =   3.291 
 X360 =  -5.220 
 X361 =   9.341 
 X362 =   3.929 
 X363 =  -0.586 
 X364 =  -0.512 
 X365 = -12.978 
 X366 =  -0.335 
 X367 =  -4.920 
 X368 =  -9.745 
 X369 =  -8.459 
 X370 =   8.355 
 X371 =   2.948 
 X372 =   4.754 
 X373 =   2.822 
 X374 =  -8.776 
 X375 =   0.988 
 X376 =  -3.609 
 X377 =  -5.966 
 X378 =   1.827 
 X379 = -13.791 
 X380 =   5.417 
 X381 =  -8.898 
 X382 =  -5.950 
 X383 =  -6.845 
 X384 =   4.132 
 X385 =  -2.340 
 X386 =  -1.205 
 X387 =   7.387 
 X388 =   5.013 
 X389 = -16.937 
 X390 =   3.082 
 X391 =  -3.589 
 X392 =   2.126 
 X393 =   8.423 
 X394 =   1.781 
 X395 =   0.422 
 X396 =  -6.811 
 X397 =  -4.940 
 X398 =  -6.639 
 X399 =  -1.866 
 X400 = -11.766 
 X401 =  14.632 
 X402 = -19.489 
 X403 =  -1.747 
 X404 =   4.324 
 X405 =  -2.818 
 X406 =   6.814 
 X407 =  13.611 
 X408 =  -2.382 
 X409 =  -1.797 
 X410 =  -7.727 
 X411 =   6.175 
 X412 =  -1.972 
 X413 =   9.810 
 X414 = -10.205 
 X415 =  -4.266 
 X416 =  -0.705 
 X417 =   8.153 
 X418 =   3.820 
 X419 =  -5.423 
 X420 = -16.244 
 X421 =   8.502 
 X422 = -19.851 
 X423 =   8.576 
 X424 =  -7.003 
 X425 =  -9.113 
 X426 =   1.324 
 X427 =   9.637 
 X428 =  -1.717 
 X429 =   2.039 
 X430 =   1.320 
 X431 =  -5.736 
 X432 =  -1.661 
 X433 =  -0.483 
 X434 =  -1.569 
 X435 =  -1.353 
 X436 =  -3.677 
 X437 =   6.874 
 X438 =  -0.615 
 X439 =  -8.277 
 X440 =  -9.385 
 X441 =  -1.449 
 X442 =  -0.390 
 X443 =   2.916 
 X444 =   6.869 
 X445 =  -1.713 
 X446 =  -5.196 
 X447 = -10.307 
 X448 =  13.349 
 X449 =   2.371 
 X450 =  -7.804 
 X451 =  -4.238 
 X452 =  16.479 
 X453 =  -2.473 
 X454 =  -7.976 
 X455 =   4.400 
 X456 =   4.538 
 X457 =  -1.582 
 X458 =  -3.199 
 X459 =   4.519 
 X460 =  -7.798 
 X461 =  -3.067 
 X462 =  -5.566 
 X463 =   7.117 
 X464 =  -7.579 
 X465 =  12.345 
 X466 =   4.557 
 X467 =  29.219 
 X468 =   0.602 
 X469 =  15.793 
 X470 = -22.530 
 X471 =  18.878 
 X472 =  22.056 
 X473 =   3.440 
 X474 =  -5.084 
 X475 =  -3.480 
 X476 = -16.875 
 X477 =   1.640 
 X478 =  -0.201 
 X479 =   9.171 
 X480 =  -4.288 
 X481 =   3.108 
 X482 =   1.462 
 X483 =   0.450 
 X484 = -13.658 
 X485 = -11.955 
 X486 = -10.252 
 X487 =   8.828 
 X488 =  -8.822 
 X489 = -12.427 
 X490 =  -2.383 
 X491 =  13.533 
 X492 =   2.896 
 X493 =   5.743 
 X494 = -10.707 
 X495 = -11.653 
 X496 =   7.487 
 X497 =  -8.513 
 X498 =  16.909 
 X499 =   0.483 
 X500 =   5.112 
 X501 =   8.287 
 X502 =   8.308 
 X503 =  -4.951 
 X504 =  -0.764 
 X505 =   6.351 
 X506 =  16.469 
 X507 = -16.154 
 X508 =  -2.471 
 X509 =  -0.636 
 X510 =  13.777 
 X511 =  10.312 
 X512 = -16.772 
 X513 = -13.109 
 X514 = -11.374 
 X515 =   0.507 
 X516 =  -1.778 
 X517 =  -2.957 
 X518 =  -6.057 
 X519 =   4.564 
 X520 = -16.123 
 X521 =  -8.084 
 X522 =   4.990 
 X523 =   3.095 
 X524 =  19.469 
 X525 =   2.488 
 X526 =  -4.176 
 X527 =  -3.326 
 X528 =  -8.039 
 X529 =  -8.411 
 X530 =  -8.010 
 X531 =  12.176 
 X532 =  -8.169 
 X533 =  -5.460 
 X534 =  -8.357 
 X535 =   6.762 
 X536 =  16.541 
 X537 =  -7.802 
 X538 =   3.097 
 X539 = -12.685 
 X540 =  -9.440 
 X541 = -10.045 
 X542 = -11.815 
 X543 =  -1.317 
 X544 =   9.372 
 X545 =  20.035 
 X546 =   1.611 
 X547 =  -2.243 
 X548 =  10.608 
 X549 =  -1.193 
 X550 = -14.216 
 X551 =   7.478 
 X552 = -16.050 
 X553 =  -6.748 
 X554 =  12.408 
 X555 = -12.849 
 X556 =  -1.404 
 X557 = -10.007 
 X558 =   1.949 
 X559 =   7.844 
 X560 =  -7.670 
 X561 =  -4.376 
 X562 =   1.062 
 X563 =  -7.614 
 X564 = -21.878 
 X565 = -18.209 
 X566 =  11.102 
 X567 =  -3.238 
 X568 =   2.652 
 X569 =  10.407 
 X570 =   3.069 
 X571 =   2.775 
 X572 =   0.680 
 X573 =  -1.483 
 X574 =  19.913 
 X575 = -10.993 
 X576 =  17.513 
 X577 =  -0.925 
 X578 =  24.576 
 X579 = -26.697 
 X580 =  -0.953 
 X581 =  -2.087 
 X582 =  -1.937 
 X583 =  -3.016 
 X584 =  24.679 
 X585 =   1.708 
 X586 =   0.661 
 X587 =  -1.762 
 X588 =  -3.886 
 X589 = -23.983 
 X590 = -13.992 
 X591 =  11.697 
 X592 =   2.491 
 X593 =  -5.433 
 X594 =  11.802 
 X595 =   3.034 
 X596 =  15.479 
 X597 =  -7.822 
 X598 =  13.012 
 X599 =   9.664 
 X600 =   8.457 
 X601 =  -5.829 
 X602 =  -6.547 
 X603 =  -0.453 
 X604 =  -5.171 
 X605 =  13.721 
 X606 =   4.700 
 X607 =  -5.986 
 X608 =  -0.322 
 X609 =  -5.270 
 X610 =  16.489 
 X611 =   5.331 
 X612 = -11.318 
 X613 =   5.925 
 X614 =   5.183 
 X615 =  -9.451 
 X616 =   0.025 
 X617 =  -1.122 
 X618 =  13.976 
 X619 =  19.711 
 X620 =   2.810 
 X621 = -11.173 
 X622 =   0.578 
 X623 =   7.718 
 X624 =   3.474 
 X625 =  15.110 
 X626 =  -6.568 
 X627 =  12.106 
 X628 =   1.614 
 X629 =   6.341 
 X630 =   3.682 
 X631 =  -7.694 
 X632 =  14.102 
 X633 =  11.107 
 X634 = -13.927 
 X635 =   4.879 
 X636 =   4.228 
 X637 =  -1.558 
 X638 =  13.366 
 X639 =  -4.133 
 X640 =  14.169 
 X641 =  22.621 
 X642 =   5.313 
 X643 =  -7.168 
 X644 =   5.391 
 X645 =  -6.618 
 X646 =   7.717 
 X647 =  -7.569 
 X648 = -12.778 
 X649 =   3.078 
 X650 = -18.399 
 X651 = -10.406 
 X652 = -18.756 
 X653 =  -4.999 
 X654 = -16.808 
 X655 =  -2.666 
 X656 =  -9.184 
 X657 =   1.824 
 X658 =   2.246 
 X659 =   6.873 
 X660 =   3.821 
 X661 =  -0.838 
 X662 = -13.787 
 X663 =  -2.473 
 X664 =   3.450 
 X665 =  10.846 
 X666 =  -3.602 
 X667 =   1.089 
 X668 =   0.119 
 X669 =  -2.870 
 X670 =   4.840 
 X671 =  14.434 
 X672 =  -7.022 
 X673 =   3.920 
 X674 =  -6.096 
 X675 = -21.062 
 X676 = -18.427 
 X677 =  16.940 
 X678 =  22.035 
 X679 =   3.850 
 X680 = -30.922 
 X681 =  -0.757 
 X682 =   0.315 
 X683 =  -8.087 
 X684 =   7.725 
 X685 = -18.176 
 X686 =   8.816 
 X687 =  -0.701 
 X688 =   2.979 
 X689 =   4.397 
 X690 =   5.064 
 X691 =  -6.492 
 X692 =  -4.117 
 X693 =  -7.099 
 X694 =  -4.367 
 X695 =  -2.741 
 X696 =  -2.959 
 X697 =  -7.796 
 X698 =  -4.544 
 X699 =  -8.866 
 X700 = -14.040 
 X701 =  -5.755 
 X702 =  -2.447 
 X703 =   2.678 
 X704 =  13.434 
 X705 =   1.243 
 X706 = -15.919 
 X707 =  11.505 
 X708 =  14.528 
 X709 =  -9.527 
 X710 =  -3.766 
 X711 = -27.660 
 X712 = -10.111 
 X713 = -17.926 
 X714 =  -8.546 
 X715 =   3.330 
 X716 =   3.609 
 X717 =   0.190 
 X718 =  -0.433 
 X719 =   7.268 
 X720 =  -2.032 
 X721 = -16.916 
 X722 = -25.567 
 X723 = -28.585 
 X724 =   6.527 
 X725 =  -0.772 
 X726 =  -3.323 
 X727 = -10.192 
 X728 =  -4.888 
 X729 = -19.867 
 X730 =  -1.225 
 X731 =  -4.605 
 X732 =  -1.704 
 X733 = -16.826 
 X734 =   2.776 
 X735 =  15.107 
 X736 =   8.470 
 X737 =  -2.071 
 X738 =  -4.177 
 X739 =   0.984 
 X740 =  -3.325 
 X741 =  -6.318 
 X742 =   6.851 
 X743 =  -4.533 
 X744 =   9.401 
 X745 =  12.058 
 X746 =  15.628 
 X747 =  -1.116 
 X748 = -19.728 
 X749 =   8.255 
 X750 =  -9.734 
 X751 =  14.127 
 X752 =  -2.940 
 X753 =  -5.952 
 X754 = -21.817 
 X755 =  -3.399 
 X756 =   0.051 
 X757 =  14.016 
 X758 =  -9.492 
 X759 =   4.407 
 X760 =   3.301 
 X761 =  -7.348 
 X762 =  -2.671 
 X763 =  -8.106 
 X764 =  -3.424 
 X765 =  -6.783 
 X766 =  19.736 
 X767 =   0.771 
 X768 =   1.247 
 X769 =  -3.891 
 X770 = -10.173 
 X771 =  -5.452 
 X772 =   4.704 
 X773 =  -4.383 
 X774 =  -5.054 
 X775 =  10.335 
 X776 =  -6.910 
 X777 =   5.058 
 X778 =  13.189 
 X779 =  -5.596 
 X780 = -24.556 
 X781 =  -1.346 
 X782 =  -5.041 
 X783 =   4.114 
 X784 =  -4.402 
 X785 =  -5.310 
 X786 =   2.131 
 X787 =  10.055 
 X788 =  12.876 
 X789 = -25.589 
 X790 = -17.604 
 X791 =   5.802 
 X792 =  -4.738 
 X793 =  17.011 
 X794 =   6.380 
 X795 =   1.736 
 X796 =   6.703 
 X797 =   2.282 
 X798 =  -8.922 
 X799 =   6.380 
 X800 = -14.336 
 X801 =   4.240 
 X802 =  12.644 
 X803 =  18.456 
 X804 =  10.128 
 X805 =   9.622 
 X806 =  -2.464 
 X807 = -17.331 
 X808 =  20.033 
 X809 =  -0.285 
 X810 =  -6.238 
 X811 =  -1.475 
 X812 =  11.795 
 X813 =   1.042 
 X814 =  11.942 
 X815 =   4.607 
 X816 =   5.693 
 X817 =   1.157 
 X818 =   0.858 
 X819 = -11.719 
 X820 =  -2.505 
 X821 =  -2.330 
 X822 =  13.856 
 X823 =   7.276 
 X824 =  -3.655 
 X825 =   1.096 
 X826 =   3.698 
 X827 =   6.605 
 X828 =   7.846 
 X829 =   2.799 
 X830 =   0.649 
 X831 =  -3.641 
 X832 =  14.368 
 X833 =  12.483 
 X834 =  -2.574 
 X835 =  -4.929 
 X836 =  -2.904 
 X837 =   1.841 
 X838 =  -3.145 
 X839 =   4.350 
 X840 = -12.486 
 X841 =   2.400 
 X842 =   6.396 
 X843 =  -7.234 
 X844 =  -9.422 
 X845 =   9.637 
 X846 = -21.364 
 X847 = -11.231 
 X848 =  -3.068 
 X849 =   6.013 
 X850 =  -4.220 
 X851 = -19.109 
 X852 =   0.965 
 X853 =  17.990 
 X854 =  -8.955 
 X855 =   2.888 
 X856 =  17.494 
 X857 =  -9.840 
 X858 =   2.386 
 X859 = -24.465 
 X860 = -20.045 
 X861 =   3.849 
 X862 =   7.438 
 X863 =  -0.204 
 X864 =   2.956 
 X865 = -10.518 
 X866 = -12.070 
 X867 = -13.400 
 X868 =   4.541 
 X869 =   3.504 
 X870 =   2.696 
 X871 =  -0.858 
 X872 =  -3.023 
 X873 =  -6.987 
 X874 =  -2.395 
 X875 =   4.002 
 X876 =   4.762 
 X877 = -14.181 
 X878 =   6.702 
 X879 =   2.402 
 X880 =  -3.518 
 X881 =  14.808 
 X882 =   1.771 
 X883 = -19.519 
 X884 = -16.230 
 X885 =  -6.257 
 X886 = -12.704 
 X887 =  -3.085 
 X888 =  -5.644 
 X889 =  -6.745 
 X890 =  -7.046 
 X891 =  -1.675 
 X892 =   3.767 
 X893 =  11.693 
 X894 =  12.055 
 X895 =  -5.346 
 X896 =   1.675 
 X897 =  -5.343 
 X898 =  -1.990 
 X899 =  -0.836 
 X900 =   2.742 
 X901 =  19.888 
 X902 =  -5.370 
 X903 = -15.845 
 X904 =   3.778 
 X905 =   2.869 
 X906 =   8.529 
 X907 = -15.981 
 X908 =   4.009 
 X909 =  -9.679 
 X910 =  -0.125 
 X911 = -13.205 
 X912 = -19.959 
 X913 =   3.138 
 X914 =   1.007 
 X915 =  12.541 
 X916 =  -4.001 
 X917 =  -9.190 
 X918 =   8.059 
 X919 =  -5.724 
 X920 =  21.725 
 X921 =  -1.856 
 X922 =   5.057 
 X923 =   4.076 
 X924 =  -7.633 
 X925 =  -6.407 
 X926 =   7.990 
 X927 =   2.580 
 X928 =  -1.249 
 X929 =  -4.185 
 X930 =  -6.260 
 X931 =   5.402 
 X932 =  -0.496 
 X933 =   0.972 
 X934 =  14.633 
 X935 =  -7.109 
 X936 = -14.808 
 X937 =  -2.470 
 X938 = -10.331 
 X939 =  14.258 
 X940 = -13.388 
 X941 =  -8.897 
 X942 =   1.500 
 X943 = -13.241 
 X944 =  14.409 
 X945 =   5.807 
 X946 =   4.476 
 X947 =  19.505 
 X948 =   2.745 
 X949 =   2.260 
 X950 =  10.421 
 X951 =   1.108 
 X952 =  -2.491 
 X953 =  -6.041 
 X954 =   3.831 
 X955 =   4.750 
 X956 =  -7.618 
 X957 =  11.713 
 X958 =  -3.210 
 X959 =   7.510 
 X960 =  10.428 
 X961 =   8.783 
 X962 =  -1.072 
 X963 =  29.421 
 X964 =  -2.531 
 X965 =   1.607 
 X966 =  -5.044 
 X967 =  -4.276 
 X968 = -16.484 
 X969 =  -9.734 
 X970 =   4.488 
 X971 = -12.002 
 X972 =   0.797 
 X973 =  14.017 
 X974 =   3.704 
 X975 = -10.411 
 X976 =   6.242 
 X977 = -17.928 
 X978 =   8.727 
 X979 =   8.935 
 X980 =  -1.659 
 X981 =  15.145 
 X982 =  -0.982 
 X983 =   0.668 
 X984 =   8.252 
 X985 =  -5.373 
 X986 =   0.303 
 X987 =  -1.269 
 X988 = -13.132 
 X989 =  -5.248 
 X990 =  -3.096 
 X991 =  12.274 
 X992 =   8.292 
 X993 =   7.237 
 X994 =   2.667 
 X995 =  -5.170 
 X996 =   3.856 
 X997 =  -6.095 
 X998 =   9.361 
 X999 = -17.839 
 X1000 =  10.708 
 X1001 =   4.292 
 X1002 =  -4.649 
 X1003 =   0.623 
 X1004 =   1.248 
 X1005 = -10.753 
 X1006 =   7.313 
 X1007 =   7.434 
 X1008 =  17.662 
 X1009 =  22.613 
 X1010 =  -3.993 
 X1011 =   4.331 
 X1012 =  10.764 
 X1013 =   6.417 
 X1014 =   2.054 
 X1015 =  -1.038 
 X1016 =  15.487 
 X1017 =   1.630 
 X1018 =   6.839 
 X1019 =  -5.554 
 X1020 =  -6.275 
 X1021 =   8.277 
 X1022 =  24.037 
 X1023 =  -2.495 
 X1024 =  -3.252 
 X1025 =   2.690 
 X1026 =   7.057 
 X1027 =  -1.646 
 X1028 = -15.318 
 X1029 =   2.395 
 X1030 =  -2.861 
 X1031 = -13.480 
 X1032 =  -6.172 
 X1033 =   9.369 
 X1034 =  -8.495 
 X1035 =  12.171 
 X1036 = -12.441 
 X1037 = -15.956 
 X1038 =  -8.542 
 X1039 =  10.852 
 X1040 =   4.005 
 X1041 =   8.449 
 X1042 =  -4.057 
 X1043 =  -8.514 
 X1044 =  -6.441 
 X1045 =  -5.776 
 X1046 = -12.817 
 X1047 =  -4.018 
 X1048 =   9.772 
 X1049 =  -8.211 
 X1050 =   7.014 
 X1051 =   4.348 
 X1052 = -10.211 
 X1053 =  -9.353 
 X1054 =   6.523 
 X1055 =  -9.651 
 X1056 =   8.247 
 X1057 = -12.299 
 X1058 =   0.341 
 X1059 = -11.456 
 X1060 = -15.026 
 X1061 =  -0.560 
 X1062 =  -9.473 
 X1063 =  -6.318 
 X1064 =  -6.745 
 X1065 =   9.336 
 X1066 =  -0.165 
 X1067 =   8.539 
 X1068 =  -6.677 
 X1069 =   9.754 
 X1070 =   0.691 
 X1071 =  13.641 
 X1072 =   5.388 
 X1073 =   9.417 
 X1074 =  -1.332 
 X1075 =  -8.124 
 X1076 =  -1.376 
 X1077 =  -2.909 
 X1078 =  -3.286 
 X1079 =  -2.467 
 X1080 =   5.545 
 X1081 =  -8.509 
 X1082 =  -6.193 
 X1083 =   0.190 
 X1084 = -17.446 
 X1085 =   7.617 
 X1086 =  -2.452 
 X1087 =  -0.748 
 X1088 =   4.718 
 X1089 =   3.878 
 X1090 =  -3.002 
 X1091 =   3.075 
 X1092 =   0.864 
 X1093 = -26.835 
 X1094 =  -0.071 
 X1095 =   1.404 
 X1096 =  13.272 
 X1097 =   8.927 
 X1098 =   9.531 
 X1099 =  13.401 
 X1100 =   4.521 
 X1101 =  11.564 
 X1102 =   5.309 
 X1103 =  -7.155 
 X1104 =   4.999 
 X1105 =  -4.912 
 X1106 =   6.283 
 X1107 =  -5.531 
 X1108 =   0.609 
 X1109 =  12.418 
 X1110 =   5.685 
 X1111 =  11.924 
 X1112 =  24.526 
 X1113 =  -2.731 
 X1114 =  17.027 
 X1115 =  15.716 
 X1116 = -11.377 
 X1117 =  -1.016 
 X1118 =  -6.916 
 X1119 =   6.732 
 X1120 =  -0.779 
 X1121 =  -5.539 
 X1122 =   0.174 
 X1123 =   6.633 
 X1124 = -18.777 
 X1125 = -13.734 
 X1126 =   5.154 
 X1127 =   7.885 
 X1128 =   1.933 
 X1129 =   1.900 
 X1130 = -14.649 
 X1131 =   7.930 
 X1132 =  11.250 
 X1133 =  10.450 
 X1134 =   7.443 
 X1135 =   7.476 
 X1136 =  -8.754 
 X1137 =  -1.150 
 X1138 =  -3.396 
 X1139 =  -7.356 
 X1140 =  -7.210 
 X1141 =   1.054 
 X1142 =   8.798 
 X1143 =   1.691 
 X1144 =   2.068 
 X1145 = -24.351 
 X1146 =  -4.889 
 X1147 =  12.303 
 X1148 = -10.884 
 X1149 = -18.175 
 X1150 =   0.910 
 X1151 =  -1.676 
 X1152 =  -6.711 
 X1153 = -18.634 
 X1154 = -10.811 
 X1155 =  11.392 
 X1156 =  -3.176 
 X1157 =  -1.479 
 X1158 =   0.165 
 X1159 =   0.795 
 X1160 =  -6.454 
 X1161 =  12.898 
 X1162 =  -0.905 
 X1163 = -19.653 
 X1164 =  12.100 
 X1165 =  -4.576 
 X1166 =  18.484 
 X1167 =  -3.866 
 X1168 =   7.821 
 X1169 =   9.803 
 X1170 =   6.202 
 X1171 =  -3.539 
 X1172 =  -7.720 
 X1173 = -16.860 
 X1174 =  -4.049 
 X1175 =  -3.808 
 X1176 =   8.145 
 X1177 =   7.622 
 X1178 =  17.725 
 X1179 =  11.975 
 X1180 =  -1.191 
 X1181 =   5.512 
 X1182 =  -2.433 
 X1183 =  -7.857 
 X1184 = -12.989 
 X1185 =  -8.456 
 X1186 =  -8.376 
 X1187 =  -1.243 
 X1188 =  -7.638 
 X1189 =   9.645 
 X1190 =  13.970 
 X1191 =   4.069 
 X1192 =   1.736 
 X1193 =   4.588 
 X1194 =   5.769 
 X1195 =   3.677 
 X1196 =   6.046 
 X1197 =   7.622 
 X1198 =  -2.064 
 X1199 =  -3.495 
 X1200 =  18.399 
 X1201 =   2.747 
 X1202 =  -0.758 
 X1203 =  -6.194 
 X1204 =  -0.433 
 X1205 =  -1.784 
 X1206 =  10.288 
 X1207 =  16.395 
 X1208 =   1.649 
 X1209 =   1.361 
 X1210 = -14.264 
 X1211 = -10.093 
 X1212 =  12.996 
 X1213 =  13.580 
 X1214 =  -2.189 
 X1215 =  -2.903 
 X1216 =   1.762 
 X1217 =  -2.380 
 X1218 =  12.811 
 X1219 =  -0.291 
 X1220 =   9.003 
 X1221 =   1.765 
 X1222 =   0.718 
 X1223 =  -0.184 
 X1224 = -10.668 
 X1225 =   9.660 
 X1226 =  -7.103 
 X1227 =  -0.066 
 X1228 =  10.073 
 X1229 =   2.700 
 X1230 =  -3.881 
 X1231 =  13.504 
 X1232 =  -1.074 
 X1233 =   1.737 
 X1234 =   0.714 
 X1235 =   2.435 
 X1236 =   8.226 
 X1237 =   6.660 
 X1238 =   6.363 
 X1239 = -13.383 
 X1240 = -17.997 
 X1241 =  -3.702 
 X1242 = -10.908 
 X1243 =   5.339 
 X1244 = -10.515 
 X1245 =   3.143 
 X1246 =  -6.841 
 X1247 =  12.505 
 X1248 =   7.123 
 X1249 =  -6.235 
 X1250 =  -3.132 
 X1251 = -15.332 
 X1252 =  20.963 
 X1253 =   2.137 
 X1254 =   4.171 
 X1255 =  -2.581 
 X1256 =   4.786 
 X1257 =  -2.160 
 X1258 =   2.017 
 X1259 = -14.201 
 X1260 = -12.647 
 X1261 =  -7.773 
 X1262 =  -0.201 
 X1263 =   8.833 
 X1264 =  -6.649 
 X1265 = -14.527 
 X1266 =  -2.110 
 X1267 =  -3.140 
 X1268 = -10.049 
 X1269 = -10.076 
 X1270 =  11.806 
 X1271 =  -9.985 
 X1272 =   2.492 
 X1273 =   6.756 
 X1274 =  15.367 
 X1275 = -16.206 
 X1276 =  -6.104 
 X1277 = -11.200 
 X1278 =   0.984 
 X1279 =  10.541 
 X1280 =   3.155 
 X1281 =   3.586 
 X1282 =  16.887 
 X1283 =  -8.963 
 X1284 =  -5.586 
 X1285 = -10.973 
 X1286 =   7.285 
 X1287 =  -7.678 
 X1288 =  -7.190 
 X1289 =  -6.316 
 X1290 =   4.162 
 X1291 =  -0.907 
 X1292 =   3.827 
 X1293 =   7.544 
 X1294 =  11.564 
 X1295 =   8.444 
 X1296 =  -4.578 
 X1297 =  -5.991 
 X1298 =   7.623 
 X1299 =   6.211 
 X1300 = -12.179 
 X1301 = -12.400 
 X1302 =   4.393 
 X1303 =  -9.443 
 X1304 =  -0.995 
 X1305 = -13.496 
 X1306 =  18.536 
 X1307 =  -0.496 
 X1308 =  22.583 
 X1309 =  -5.346 
 X1310 =  -9.363 
 X1311 =  -0.114 
 X1312 =  -6.529 
 X1313 =   4.881 
 X1314 =  -6.918 
 X1315 =  13.803 
 X1316 =   9.585 
 X1317 =  10.718 
 X1318 = -14.491 
 X1319 = -15.723 
 X1320 =  12.895 
 X1321 =  10.529 
 X1322 =  -0.016 
 X1323 =   9.169 
 X1324 =   7.962 
 X1325 =   2.452 
 X1326 =   1.492 
 X1327 =  10.499 
 X1328 =   3.408 
 X1329 =  19.906 
 X1330 =  -3.528 
 X1331 =   6.152 
 X1332 =  -6.614 
 X1333 =  10.886 
 X1334 =  -7.454 
 X1335 =   6.917 
 X1336 =  -5.215 
 X1337 = -12.937 
 X1338 =  -0.953 
 X1339 =  13.868 
 X1340 =  -2.222 
 X1341 =   4.102 
 X1342 =  -0.847 
 X1343 =   2.568 
 X1344 =  13.439 
 X1345 =  12.460 
 X1346 =  10.915 
 X1347 = -12.421 
 X1348 = -11.374 
 X1349 =   3.545 
 X1350 =  -3.825 
 X1351 =  -2.069 
 X1352 =   3.135 
 X1353 = -13.962 
 X1354 =  -5.486 
 X1355 =  16.097 
 X1356 = -12.540 
 X1357 =  -6.564 
 X1358 =  -3.227 
 X1359 =   4.235 
 X1360 = -13.110 
 X1361 =   3.338 
 X1362 =   3.543 
 X1363 =   7.932 
 X1364 =   2.452 
 X1365 =  -0.917 
 X1366 = -10.812 
 X1367 =  -8.913 
 X1368 =   6.010 
 X1369 =   9.657 
 X1370 = -11.925 
 X1371 =   6.409 
 X1372 = -17.621 
 X1373 = -10.197 
 X1374 =  11.896 
 X1375 =  -6.594 
 X1376 =  16.764 
 X1377 =   7.545 
 X1378 =  -8.909 
 X1379 =   3.041 
 X1380 =   0.192 
 X1381 =  -2.686 
 X1382 =   0.371 
 X1383 =   0.181 
 X1384 =  -1.873 
 X1385 = -14.362 
 X1386 =   1.493 
 X1387 =   1.784 
 X1388 =   3.228 
 X1389 =  10.485 
 X1390 = -21.841 
 X1391 =  -0.859 
 X1392 =   2.076 
 X1393 =   7.615 
 X1394 =   4.817 
 X1395 =  18.473 
 X1396 =  -4.789 
 X1397 =   0.514 
 X1398 =  26.676 
 X1399 =   1.396 
 X1400 =   3.365 
 X1401 =  -2.765 
 X1402 = -13.038 
 X1403 =  -5.787 
 X1404 =  11.971 
 X1405 =  10.121 
 X1406 =  -7.367 
 X1407 =   0.313 
 X1408 =  19.670 
 X1409 =  -8.656 
 X1410 =   5.225 
 X1411 =   7.452 
 X1412 =  -4.811 
 X1413 =  13.165 
 X1414 =   0.686 
 X1415 =  -2.329 
 X1416 =  -1.963 
 X1417 =  -6.628 
 X1418 =  -2.454 
 X1419 =  -9.837 
 X1420 =   3.729 
 X1421 =   9.514 
 X1422 =  25.057 
 X1423 =  18.818 
 X1424 =   1.215 
 X1425 =  -0.500 
 X1426 =   7.054 
 X1427 =   4.897 
 X1428 =   2.257 
 X1429 = -15.676 
 X1430 =  -2.411 
 X1431 =  -2.073 
 X1432 = -12.139 
 X1433 =  13.247 
 X1434 =   0.837 
 X1435 =  11.945 
 X1436 =  -8.457 
 X1437 =   7.189 
 X1438 =  -2.691 
 X1439 =   1.861 
 X1440 =  16.287 
 X1441 =  -2.843 
 X1442 =   6.534 
 X1443 =  17.864 
 X1444 =   1.082 
 X1445 = -24.325 
 X1446 =  -3.063 
 X1447 = -11.055 
 X1448 =   9.928 
 X1449 =   4.730 
 X1450 =   0.766 
 X1451 =  -6.156 
 X1452 =   7.740 
 X1453 =  -3.488 
 X1454 = -10.486 
 X1455 =  -3.471 
 X1456 =  -9.915 
 X1457 =  13.858 
 X1458 =   4.326 
 X1459 = -21.368 
 X1460 =  -8.629 
 X1461 =  -7.664 
 X1462 =   4.047 
 X1463 = -10.029 
 X1464 =  -4.771 
 X1465 =   0.785 
 X1466 = -10.104 
 X1467 =  19.431 
 X1468 = -10.595 
 X1469 =   4.027 
 X1470 = -17.245 
 X1471 =  -2.793 
 X1472 =  21.002 
 X1473 =   5.517 
 X1474 =   6.215 
 X1475 =   0.894 
 X1476 =  -1.269 
 X1477 =   0.058 
 X1478 =   3.185 
 X1479 =  -3.228 
 X1480 = -21.160 
 X1481 =   7.494 
 X1482 =   3.847 
 X1483 =   2.029 
 X1484 =  -3.991 
 X1485 = -11.215 
 X1486 =   1.640 
 X1487 =  -0.447 
 X1488 =   2.992 
 X1489 =  11.110 
 X1490 =  23.841 
 X1491 = -11.241 
 X1492 =  13.508 
 X1493 =  13.080 
 X1494 =  10.167 
 X1495 =   1.143 
 X1496 =   2.686 
 X1497 =  -0.222 
 X1498 =   6.579 
 X1499 =  -1.642 
 X1500 =  -9.033 
 X1501 =  -2.769 
 X1502 = -16.136 
 X1503 =   0.401 
 X1504 =   8.513 
 X1505 =  -8.120 
 X1506 =  12.607 
 X1507 =   6.741 
 X1508 =   4.034 
 X1509 = -14.569 
 X1510 =   0.322 
 X1511 =  -4.331 
 X1512 =   3.006 
 X1513 =  -9.672 
 X1514 =  10.942 
 X1515 =   6.629 
 X1516 =  -2.278 
 X1517 =   1.386 
 X1518 =  24.648 
 X1519 =  -6.917 
 X1520 =   5.011 
 X1521 =  -5.694 
 X1522 =  15.040 
 X1523 =  12.742 
 X1524 =   0.899 
 X1525 = -16.720 
 X1526 =  -6.679 
 X1527 = -15.402 
 X1528 =  -8.910 
 X1529 =  11.120 
 X1530 =   4.912 
 X1531 =   0.179 
 X1532 =   1.848 
 X1533 = -21.115 
 X1534 = -13.595 
 X1535 =  -1.864 
 X1536 =   5.053 
 X1537 =  -8.023 
 X1538 =  -4.076 
 X1539 =  13.529 
 X1540 = -17.015 
 X1541 =   1.234 
 X1542 =   4.320 
 X1543 = -18.296 
 X1544 =   4.969 
 X1545 =   3.586 
 X1546 =  19.187 
 X1547 =  -2.517 
 X1548 =   4.338 
 X1549 =  -9.723 
 X1550 =  12.098 
 X1551 =  22.458 
 X1552 =  -1.197 
 X1553 =   3.994 
 X1554 = -19.444 
 X1555 = -16.708 
 X1556 =   1.300 
 X1557 = -13.633 
 X1558 =   4.449 
 X1559 =  10.098 
 X1560 =  -4.654 
 X1561 =   5.615 
 X1562 =   8.605 
 X1563 = -10.509 
 X1564 =  -6.754 
 X1565 =   5.689 
 X1566 = -11.343 
 X1567 =   9.352 
 X1568 =   8.821 
 X1569 =  12.437 
 X1570 =   0.215 
 X1571 =  -0.673 
 X1572 =   6.779 
 X1573 =   2.540 
 X1574 =  -0.338 
 X1575 =  12.549 
 X1576 =   3.858 
 X1577 =   3.652 
 X1578 =  -1.865 
 X1579 =  -0.048 
 X1580 =   5.587 
 X1581 = -13.488 
 X1582 =   6.817 
 X1583 =  -3.398 
 X1584 =  -4.201 
 X1585 =  -9.687 
 X1586 =  -5.311 
 X1587 =   6.961 
 X1588 =  -5.283 
 X1589 =   4.444 
 X1590 =  -0.392 
 X1591 =   2.972 
 X1592 =   7.603 
 X1593 =   4.451 
 X1594 =  11.058 
 X1595 =   9.082 
 X1596 =  -2.522 
 X1597 =   0.435 
 X1598 =   3.214 
 X1599 =   4.324 
 X1600 =  -5.051 
 X1601 =   8.283 
 X1602 =   0.032 
 X1603 = -10.110 
 X1604 =  13.092 
 X1605 =  -5.618 
 X1606 =  -4.317 
 X1607 =  -5.001 
 X1608 =   8.365 
 X1609 =  15.431 
 X1610 = -12.485 
 X1611 =  -2.382 
 X1612 =   6.716 
 X1613 =   8.637 
 X1614 =   6.902 
 X1615 =  -0.231 
 X1616 =   7.591 
 X1617 =   1.622 
 X1618 =   8.255 
 X1619 =   4.335 
 X1620 = -18.185 
 X1621 =  -7.896 
 X1622 =   1.183 
 X1623 =  -1.589 
 X1624 =   6.994 
 X1625 =   3.357 
 X1626 =  -1.111 
 X1627 =  -4.450 
 X1628 =  21.546 
 X1629 =  14.395 
 X1630 =   3.096 
 X1631 =  -3.645 
 X1632 =  -0.518 
 X1633 =  -1.279 
 X1634 =  10.912 
 X1635 =   0.222 
 X1636 =   0.832 
 X1637 =   0.676 
 X1638 =  -6.112 
 X1639 =   4.753 
 X1640 = -23.866 
 X1641 =   0.494 
 X1642 = -12.258 
 X1643 =   7.520 
 X1644 =  -0.983 
 X1645 =   2.962 
 X1646 =  19.458 
 X1647 =  13.178 
 X1648 =  12.786 
 X1649 =   3.600 
 X1650 =  -1.517 
 X1651 =  -1.649 
 X1652 =   5.276 
 X1653 = -14.515 
 X1654 = -18.182 
 X1655 =  16.222 
 X1656 =   9.274 
 X1657 =   8.451 
 X1658 =   8.044 
 X1659 =  -0.268 
 X1660 =   1.951 
 X1661 =   8.580 
 X1662 = -10.539 
 X1663 =   3.793 
 X1664 =   6.697 
 X1665 = -14.166 
 X1666 =  -2.687 
 X1667 =   0.908 
 X1668 = -15.931 
 X1669 =   4.774 
 X1670 =  14.595 
 X1671 =   3.392 
 X1672 =   3.152 
 X1673 =   1.798 
 X1674 =  12.026 
 X1675 =  10.353 
 X1676 =   9.125 
 X1677 =  10.334 
 X1678 =   4.471 
 X1679 =  10.130 
 X1680 =  13.285 
 X1681 = -13.799 
 X1682 =  11.998 
 X1683 = -16.180 
 X1684 =  -2.491 
 X1685 =  -3.545 
 X1686 =   6.229 
 X1687 = -10.559 
 X1688 =  -2.969 
 X1689 =   3.031 
 X1690 =   3.215 
 X1691 = -19.455 
 X1692 =  -5.143 
 X1693 = -11.489 
 X1694 =  13.999 
 X1695 = -10.041 
 X1696 =  -9.315 
 X1697 =   4.663 
 X1698 =  -8.884 
 X1699 =  25.249 
 X1700 =  26.901 
 X1701 = -11.057 
 X1702 =  -5.857 
 X1703 =   0.748 
 X1704 = -13.043 
 X1705 =   9.815 
 X1706 =  -3.837 
 X1707 =   9.454 
 X1708 = -16.404 
 X1709 =   4.916 
 X1710 =  -2.728 
 X1711 =   4.771 
 X1712 =   7.762 
 X1713 =  14.986 
 X1714 =   3.530 
 X1715 =   5.174 
 X1716 =  -0.449 
 X1717 =  -8.962 
 X1718 =  14.769 
 X1719 =  12.217 
 X1720 = -11.437 
 X1721 =   6.280 
 X1722 =  -7.186 
 X1723 =  -3.417 
 X1724 =  28.314 
 X1725 =  -5.548 
 X1726 =  -3.402 
 X1727 =   1.304 
 X1728 = -11.736 
 X1729 =  -3.418 
 X1730 = -11.493 
 X1731 =   0.244 
 X1732 =  -3.749 
 X1733 =   0.250 
 X1734 =   5.723 
 X1735 =  -3.965 
 X1736 =   5.678 
 X1737 =  -9.648 
 X1738 =  13.414 
 X1739 =  -2.113 
 X1740 =  -8.412 
 X1741 = -13.218 
 X1742 =  -2.590 
 X1743 =  -6.849 
 X1744 =  -5.470 
 X1745 =  -3.585 
 X1746 =   3.360 
 X1747 =  24.179 
 X1748 =  -1.917 
 X1749 =  -8.348 
 X1750 =  -7.336 
 X1751 =   2.433 
 X1752 = -14.517 
 X1753 =  -2.380 
 X1754 =   2.908 
 X1755 =   7.884 
 X1756 =   3.383 
 X1757 = -24.510 
 X1758 =  -1.159 
 X1759 =   6.956 
 X1760 =   0.044 
 X1761 =   7.547 
 X1762 =  26.685 
 X1763 =   3.860 
 X1764 =  -1.337 
 X1765 =   7.116 
 X1766 =   0.623 
 X1767 = -24.475 
 X1768 =  -5.081 
 X1769 =   3.916 
 X1770 =   3.564 
 X1771 =  14.739 
 X1772 =   8.294 
 X1773 =  -1.926 
 X1774 =  10.897 
 X1775 =  -0.116 
 X1776 =  -3.390 
 X1777 =  10.432 
 X1778 =  -4.604 
 X1779 =  13.761 
 X1780 =  23.447 
 X1781 =   3.555 
 X1782 =   3.194 
 X1783 =  -2.367 
 X1784 =  -0.055 
 X1785 =  -9.395 
 X1786 =   7.008 
 X1787 =   4.470 
 X1788 =  -0.797 
 X1789 =   1.509 
 X1790 =   2.186 
 X1791 =  -2.694 
 X1792 =  13.772 
 X1793 =   0.324 
 X1794 =  -8.634 
 X1795 = -19.372 
 X1796 =  21.493 
 X1797 =   3.643 
 X1798 =  -4.266 
 X1799 =   6.946 
 X1800 =  -8.803 
 X1801 =  -7.781 
 X1802 =  -2.728 
 X1803 =  12.356 
 X1804 =  -3.311 
 X1805 =  -4.190 
 X1806 =  -6.151 
 X1807 =  -7.972 
 X1808 =  -9.239 
 X1809 =  -5.425 
 X1810 =   0.212 
 X1811 =   2.721 
 X1812 =  -3.127 
 X1813 =  10.369 
 X1814 =   8.027 
 X1815 =  21.983 
 X1816 =  -7.957 
 X1817 =  -2.237 
 X1818 =   1.645 
 X1819 =   5.259 
 X1820 =  -7.942 
 X1821 =  14.854 
 X1822 =  -4.242 
 X1823 = -25.547 
 X1824 =  -1.587 
 X1825 =  -0.922 
 X1826 = -16.049 
 X1827 = -16.721 
 X1828 =  -1.545 
 X1829 = -11.085 
 X1830 =   5.799 
 X1831 =  -0.749 
 X1832 = -18.291 
 X1833 =   6.431 
 X1834 =  -2.376 
 X1835 =  -3.008 
 X1836 =  13.303 
 X1837 =   3.022 
 X1838 =  -9.132 
 X1839 =  17.524 
 X1840 =  -0.460 
 X1841 =  11.988 
 X1842 =  -9.217 
 X1843 =  -0.337 
 X1844 =  -6.562 
 X1845 = -10.566 
 X1846 =   3.752 
 X1847 =   2.631 
 X1848 = -12.683 
 X1849 = -20.362 
 X1850 =  15.538 
 X1851 = -10.505 
 X1852 =   3.466 
 X1853 =  15.562 
 X1854 =  -6.744 
 X1855 =   6.325 
 X1856 =  -3.333 
 X1857 =  12.655 
 X1858 =  -4.590 
 X1859 =  -5.830 
 X1860 =  -1.403 
 X1861 =  -7.934 
 X1862 =   4.424 
 X1863 =   8.966 
 X1864 =  -1.448 
 X1865 =   2.408 
 X1866 =  -8.293 
 X1867 =   1.483 
 X1868 = -10.969 
 X1869 = -20.752 
 X1870 =   8.344 
 X1871 =  -1.138 
 X1872 =  -3.867 
 X1873 =  -0.395 
 X1874 =  11.521 
 X1875 =   9.080 
 X1876 =  13.092 
 X1877 =   3.794 
 X1878 =   1.228 
 X1879 =  -3.536 
 X1880 =  -2.231 
 X1881 =  26.148 
 X1882 =   6.337 
 X1883 =  -1.787 
 X1884 =   4.642 
 X1885 =   6.500 
 X1886 =  13.064 
 X1887 = -15.090 
 X1888 = -10.332 
 X1889 =  -8.198 
 X1890 =   7.011 
 X1891 =   0.475 
 X1892 =   8.242 
 X1893 = -10.602 
 X1894 =  -5.467 
 X1895 =  15.637 
 X1896 =   3.487 
 X1897 =   7.006 
 X1898 =   1.738 
 X1899 =  -8.062 
 X1900 =   0.129 
 X1901 =   1.025 
 X1902 = -11.622 
 X1903 = -17.472 
 X1904 =  -7.170 
 X1905 = -12.639 
 X1906 =  -3.680 
 X1907 =  -5.562 
 X1908 =   2.607 
 X1909 =  13.785 
 X1910 =  12.440 
 X1911 =  -1.521 
 X1912 =  12.394 
 X1913 = -13.172 
 X1914 =   3.708 
 X1915 =   1.943 
 X1916 =  -9.480 
 X1917 =   8.504 
 X1918 =   5.181 
 X1919 =  -5.724 
 X1920 =  -4.441 
 X1921 = -10.162 
 X1922 =   0.018 
 X1923 = -12.408 
 X1924 =   2.752 
 X1925 =  12.484 
 X1926 =   0.769 
 X1927 =  12.650 
 X1928 =   7.038 
 X1929 = -13.899 
 X1930 =   0.914 
 X1931 =   0.339 
 X1932 = -15.397 
 X1933 =  -3.280 
 X1934 =   2.925 
 X1935 =   1.944 
 X1936 =   1.694 
 X1937 =   6.854 
 X1938 =   4.710 
 X1939 =   3.854 
 X1940 =   5.031 
 X1941 =  -9.944 
 X1942 =  -2.351 
 X1943 =  -8.088 
 X1944 =   5.499 
 X1945 =   1.765 
 X1946 =  17.635 
 X1947 = -10.041 
 X1948 =   8.985 
 X1949 =   1.077 
 X1950 =  12.865 
 X1951 =   5.366 
 X1952 =  -5.036 
 X1953 =  -7.496 
 X1954 = -10.569 
 X1955 =  -5.727 
 X1956 =   8.895 
 X1957 =  10.899 
 X1958 =   2.315 
 X1959 =   6.289 
 X1960 =   3.011 
 X1961 =  18.710 
 X1962 =  -2.089 
 X1963 =  12.973 
 X1964 = -12.939 
 X1965 =   1.359 
 X1966 =  -5.523 
 X1967 =  -2.748 
 X1968 =   8.612 
 X1969 =  -2.356 
 X1970 =   3.283 
 X1971 = -10.953 
 X1972 =  -8.761 
 X1973 =  -7.284 
 X1974 =  10.929 
 X1975 =  25.293 
 X1976 =   1.977 
 X1977 =  -5.036 
 X1978 =  -1.536 
 X1979 =  -9.600 
 X1980 =   3.343 
 X1981 =  -2.774 
 X1982 = -16.013 
 X1983 =  -5.503 
 X1984 =   6.732 
 X1985 =  -6.755 
 X1986 =  10.823 
 X1987 =   1.410 
 X1988 =  -2.280 
 X1989 =  -4.739 
 X1990 =  13.183 
 X1991 =   6.897 
 X1992 =  -9.140 
 X1993 =   3.025 
 X1994 =  -6.869 
 X1995 =  14.711 
 X1996 = -17.756 
 X1997 =   2.806 
 X1998 =  15.470 
 X1999 =   4.951 
